Removed Pin From Net: NetName=GND Pin=C2-1
Removed Pin From Net: NetName=AREF Pin=C2-2
Removed Pin From Net: NetName=PD1 Pin=CN3-2
Removed Pin From Net: NetName=PD0 Pin=CN3-3
Removed Pin From Net: NetName=+5V Pin=CN3-4
Removed Pin From Net: NetName=+5V Pin=CN3-4
Removed Pin From Net: NetName=+5V Pin=CN3-4
Removed Pin From Net: NetName=+5V Pin=CN3-4
Removed Pin From Net: NetName=PC5 Pin=CN4-2
Removed Pin From Net: NetName=+5V Pin=CN4-4
Removed Pin From Net: NetName=+5V Pin=CN4-4
Removed Pin From Net: NetName=+5V Pin=CN4-4
Removed Pin From Net: NetName=+5V Pin=CN4-4
Removed Pin From Net: NetName=+5V Pin=CN6-1
Removed Pin From Net: NetName=+5V Pin=CN6-1
Removed Pin From Net: NetName=+5V Pin=CN6-1
Removed Pin From Net: NetName=+5V Pin=CN6-1
Removed Pin From Net: NetName=GND Pin=CN6-2
Removed Pin From Net: NetName=GND Pin=CN6-2
Removed Pin From Net: NetName=GND Pin=CN6-2
Removed Pin From Net: NetName=GND Pin=CN6-2
Removed Pin From Net: NetName=RESET Pin=CN6-3
Removed Pin From Net: NetName=MISO Pin=CN6-5
Removed Pin From Net: NetName=MISO Pin=CN6-5
Removed Pin From Net: NetName=MISO Pin=CN6-5
Removed Pin From Net: NetName=MISO Pin=CN6-5
Removed Pin From Net: NetName=PB5 Pin=CN6-6
Removed Pin From Net: NetName=PB5 Pin=CN6-6
Removed Pin From Net: NetName=PB5 Pin=CN6-6
Removed Pin From Net: NetName=PB5 Pin=CN6-6
Removed Pin From Net: NetName=NetC5_2 Pin=U1-7
Removed Pin From Net: NetName=NetC6_2 Pin=U1-8
Added Pin To Net: NetName=AREF Pin=C2-1
Added Pin To Net: NetName=GND Pin=C2-2
Added Pin To Net: NetName=+5V Pin=CN3-2
Added Pin To Net: NetName=PD1 Pin=CN3-3
Added Pin To Net: NetName=PD0 Pin=CN3-4
Added Pin To Net: NetName=PD0 Pin=CN3-4
Added Pin To Net: NetName=PD0 Pin=CN3-4
Added Pin To Net: NetName=PD0 Pin=CN3-4
Added Pin To Net: NetName=+5V Pin=CN4-2
Added Pin To Net: NetName=PC5 Pin=CN4-4
Added Pin To Net: NetName=PC5 Pin=CN4-4
Added Pin To Net: NetName=PC5 Pin=CN4-4
Added Pin To Net: NetName=PC5 Pin=CN4-4
Added Pin To Net: NetName=MISO Pin=CN6-1
Added Pin To Net: NetName=MISO Pin=CN6-1
Added Pin To Net: NetName=MISO Pin=CN6-1
Added Pin To Net: NetName=MISO Pin=CN6-1
Added Pin To Net: NetName=+5V Pin=CN6-2
Added Pin To Net: NetName=+5V Pin=CN6-2
Added Pin To Net: NetName=+5V Pin=CN6-2
Added Pin To Net: NetName=+5V Pin=CN6-2
Added Pin To Net: NetName=PB5 Pin=CN6-3
Added Pin To Net: NetName=RESET Pin=CN6-5
Added Pin To Net: NetName=RESET Pin=CN6-5
Added Pin To Net: NetName=RESET Pin=CN6-5
Added Pin To Net: NetName=RESET Pin=CN6-5
Added Pin To Net: NetName=GND Pin=CN6-6
Added Pin To Net: NetName=GND Pin=CN6-6
Added Pin To Net: NetName=GND Pin=CN6-6
Added Pin To Net: NetName=GND Pin=CN6-6
Added Pin To Net: NetName=NetC6_2 Pin=U1-7
Added Pin To Net: NetName=NetC5_2 Pin=U1-8
Change Net Name : Old Net Name=NSS New Net Name=PB2
Change Net Name : Old Net Name=PE2 New Net Name=ADC6
Change Net Name : Old Net Name=PE3 New Net Name=ADC7
