Added Component: Designator=C1(C0805-SMT)
Add component. Clean all parameters for all variants
Added Component: Designator=C2(C0805-SMT)
Add component. Clean all parameters for all variants
Added Component: Designator=C3(C0805-SMT)
Add component. Clean all parameters for all variants
Added Component: Designator=C4(C0805-SMT)
Add component. Clean all parameters for all variants
Added Component: Designator=C5(C0805-SMT)
Add component. Clean all parameters for all variants
Added Component: Designator=C6(C0805-SMT)
Add component. Clean all parameters for all variants
Added Component: Designator=C7(C0805-SMT)
Add component. Clean all parameters for all variants
Added Component: Designator=C8(C0805-SMT)
Add component. Clean all parameters for all variants
Added Component: Designator=C9(C0805-SMT)
Add component. Clean all parameters for all variants
Added Component: Designator=C10(C0805-SMT)
Add component. Clean all parameters for all variants
Added Component: Designator=C11(C0805-SMT)
Add component. Clean all parameters for all variants
Added Component: Designator=C12(C0805-SMT)
Add component. Clean all parameters for all variants
Added Component: Designator=C13(C0805-SMT)
Add component. Clean all parameters for all variants
Added Component: Designator=CN1(CN-JC2.0-8P)
Add component. Clean all parameters for all variants
Added Component: Designator=CN2(CN-JC2.0-6P)
Add component. Clean all parameters for all variants
Added Component: Designator=CN3(CN-JC2.0-4P)
Add component. Clean all parameters for all variants
Added Component: Designator=CN4(CN-JC2.0-4P)
Add component. Clean all parameters for all variants
Added Component: Designator=CN5(CN-JC2.0-4P)
Add component. Clean all parameters for all variants
Added Component: Designator=CN6(CN-2*3-2.54)
Add component. Clean all parameters for all variants
Added Component: Designator=CN7(CN-JC2.0-6P)
Add component. Clean all parameters for all variants
Added Component: Designator=EC1(CAE2.54-¦µ5-AI)
Add component. Clean all parameters for all variants
Added Component: Designator=EC2(CAE2.54-¦µ5-AI)
Add component. Clean all parameters for all variants
Added Component: Designator=LED1(LED-0805)
Add component. Clean all parameters for all variants
Added Component: Designator=LED2(LED-0805)
Add component. Clean all parameters for all variants
Added Component: Designator=LED3(LED-0805)
Add component. Clean all parameters for all variants
Added Component: Designator=R1(R0805-SMT)
Add component. Clean all parameters for all variants
Added Component: Designator=R2(R0805-SMT)
Add component. Clean all parameters for all variants
Added Component: Designator=R3(R0805-SMT)
Add component. Clean all parameters for all variants
Added Component: Designator=R4(R0805-SMT)
Add component. Clean all parameters for all variants
Added Component: Designator=R5(R0805-SMT)
Add component. Clean all parameters for all variants
Added Component: Designator=R6(R0805-SMT)
Add component. Clean all parameters for all variants
Added Component: Designator=R7(R0805-SMT)
Add component. Clean all parameters for all variants
Added Component: Designator=SW1(6_6_5MMÇá´Ą°´Ľü)
Add component. Clean all parameters for all variants
Added Component: Designator=U1(ATMEGA328PB)
Add component. Clean all parameters for all variants
Added Component: Designator=U2(AMS1117-3.3)
Add component. Clean all parameters for all variants
Added Component: Designator=U3(IC-SOP16-1.27-SMT)
Add component. Clean all parameters for all variants
Added Component: Designator=USB1(USB-5P)
Add component. Clean all parameters for all variants
Added Component: Designator=X1(XTAL5.08-2)
Add component. Clean all parameters for all variants
Added Component: Designator=X2(XTAL5.08-2)
Add component. Clean all parameters for all variants
Added Pin To Net: NetName=+3V3 Pin=C4-2
Added Pin To Net: NetName=+3V3 Pin=CN5-3
Added Pin To Net: NetName=+3V3 Pin=CN5-4
Added Pin To Net: NetName=+3V3 Pin=EC2-1
Added Pin To Net: NetName=+3V3 Pin=EC2-1
Added Pin To Net: NetName=+3V3 Pin=EC2-1
Added Pin To Net: NetName=+3V3 Pin=U2-2
Added Net: Name=+3V3
Added Pin To Net: NetName=+5V Pin=C3-2
Added Pin To Net: NetName=+5V Pin=C7-2
Added Pin To Net: NetName=+5V Pin=C8-2
Added Pin To Net: NetName=+5V Pin=C9-2
Added Pin To Net: NetName=+5V Pin=C10-1
Added Pin To Net: NetName=+5V Pin=CN3-4
Added Pin To Net: NetName=+5V Pin=CN4-4
Added Pin To Net: NetName=+5V Pin=CN6-1
Added Pin To Net: NetName=+5V Pin=EC1-1
Added Pin To Net: NetName=+5V Pin=EC1-1
Added Pin To Net: NetName=+5V Pin=EC1-1
Added Pin To Net: NetName=+5V Pin=R1-2
Added Pin To Net: NetName=+5V Pin=R3-1
Added Pin To Net: NetName=+5V Pin=R5-1
Added Pin To Net: NetName=+5V Pin=R7-2
Added Pin To Net: NetName=+5V Pin=U1-4
Added Pin To Net: NetName=+5V Pin=U1-6
Added Pin To Net: NetName=+5V Pin=U1-18
Added Pin To Net: NetName=+5V Pin=U2-3
Added Pin To Net: NetName=+5V Pin=U3-16
Added Pin To Net: NetName=+5V Pin=USB1-1
Added Net: Name=+5V
Added Pin To Net: NetName=AREF Pin=C2-2
Added Pin To Net: NetName=AREF Pin=U1-20
Added Net: Name=AREF
Added Pin To Net: NetName=D+ Pin=U3-5
Added Pin To Net: NetName=D+ Pin=USB1-3
Added Net: Name=D+
Added Pin To Net: NetName=D- Pin=U3-6
Added Pin To Net: NetName=D- Pin=USB1-2
Added Net: Name=D-
Added Pin To Net: NetName=DTR Pin=C1-1
Added Pin To Net: NetName=DTR Pin=U3-13
Added Net: Name=DTR
Added Pin To Net: NetName=GND Pin=C2-1
Added Pin To Net: NetName=GND Pin=C3-1
Added Pin To Net: NetName=GND Pin=C4-1
Added Pin To Net: NetName=GND Pin=C5-1
Added Pin To Net: NetName=GND Pin=C6-1
Added Pin To Net: NetName=GND Pin=C7-1
Added Pin To Net: NetName=GND Pin=C8-1
Added Pin To Net: NetName=GND Pin=C9-1
Added Pin To Net: NetName=GND Pin=C10-2
Added Pin To Net: NetName=GND Pin=C11-1
Added Pin To Net: NetName=GND Pin=C12-1
Added Pin To Net: NetName=GND Pin=C13-1
Added Pin To Net: NetName=GND Pin=CN3-1
Added Pin To Net: NetName=GND Pin=CN4-1
Added Pin To Net: NetName=GND Pin=CN5-1
Added Pin To Net: NetName=GND Pin=CN5-2
Added Pin To Net: NetName=GND Pin=CN6-2
Added Pin To Net: NetName=GND Pin=EC1-2
Added Pin To Net: NetName=GND Pin=EC1-2
Added Pin To Net: NetName=GND Pin=EC1-2
Added Pin To Net: NetName=GND Pin=EC2-2
Added Pin To Net: NetName=GND Pin=EC2-2
Added Pin To Net: NetName=GND Pin=EC2-2
Added Pin To Net: NetName=GND Pin=LED3-1
Added Pin To Net: NetName=GND Pin=SW1-1
Added Pin To Net: NetName=GND Pin=U1-3
Added Pin To Net: NetName=GND Pin=U1-5
Added Pin To Net: NetName=GND Pin=U1-21
Added Pin To Net: NetName=GND Pin=U2-1
Added Pin To Net: NetName=GND Pin=U3-1
Added Pin To Net: NetName=GND Pin=USB1-5
Added Net: Name=GND
Added Pin To Net: NetName=MISO Pin=CN6-5
Added Pin To Net: NetName=MISO Pin=U1-16
Added Net: Name=MISO
Added Pin To Net: NetName=MOSI Pin=CN6-4
Added Pin To Net: NetName=MOSI Pin=U1-15
Added Net: Name=MOSI
Added Pin To Net: NetName=NetC5_2 Pin=C5-2
Added Pin To Net: NetName=NetC5_2 Pin=R2-2
Added Pin To Net: NetName=NetC5_2 Pin=U1-7
Added Pin To Net: NetName=NetC5_2 Pin=X1-1
Added Net: Name=NetC5_2
Added Pin To Net: NetName=NetC6_2 Pin=C6-2
Added Pin To Net: NetName=NetC6_2 Pin=R2-1
Added Pin To Net: NetName=NetC6_2 Pin=U1-8
Added Pin To Net: NetName=NetC6_2 Pin=X1-2
Added Net: Name=NetC6_2
Added Pin To Net: NetName=NetC11_2 Pin=C11-2
Added Pin To Net: NetName=NetC11_2 Pin=U3-4
Added Net: Name=NetC11_2
Added Pin To Net: NetName=NetC12_2 Pin=C12-2
Added Pin To Net: NetName=NetC12_2 Pin=U3-7
Added Pin To Net: NetName=NetC12_2 Pin=X2-1
Added Net: Name=NetC12_2
Added Pin To Net: NetName=NetC13_2 Pin=C13-2
Added Pin To Net: NetName=NetC13_2 Pin=U3-8
Added Pin To Net: NetName=NetC13_2 Pin=X2-2
Added Net: Name=NetC13_2
Added Pin To Net: NetName=NetLED1_2 Pin=LED1-2
Added Pin To Net: NetName=NetLED1_2 Pin=R3-2
Added Net: Name=NetLED1_2
Added Pin To Net: NetName=NetLED2_2 Pin=LED2-2
Added Pin To Net: NetName=NetLED2_2 Pin=R5-2
Added Net: Name=NetLED2_2
Added Pin To Net: NetName=NetLED3_2 Pin=LED3-2
Added Pin To Net: NetName=NetLED3_2 Pin=R7-1
Added Net: Name=NetLED3_2
Added Pin To Net: NetName=NetR4_2 Pin=R4-2
Added Pin To Net: NetName=NetR4_2 Pin=U3-2
Added Net: Name=NetR4_2
Added Pin To Net: NetName=NetR6_2 Pin=R6-2
Added Pin To Net: NetName=NetR6_2 Pin=U3-3
Added Net: Name=NetR6_2
Added Pin To Net: NetName=NSS Pin=CN7-3
Added Pin To Net: NetName=NSS Pin=U1-14
Added Net: Name=NSS
Added Pin To Net: NetName=PB0 Pin=CN7-1
Added Pin To Net: NetName=PB0 Pin=U1-12
Added Net: Name=PB0
Added Pin To Net: NetName=PB1 Pin=CN7-2
Added Pin To Net: NetName=PB1 Pin=U1-13
Added Net: Name=PB1
Added Pin To Net: NetName=PC0 Pin=CN2-1
Added Pin To Net: NetName=PC0 Pin=U1-23
Added Net: Name=PC0
Added Pin To Net: NetName=PC1 Pin=CN2-2
Added Pin To Net: NetName=PC1 Pin=U1-24
Added Net: Name=PC1
Added Pin To Net: NetName=PC2 Pin=CN2-3
Added Pin To Net: NetName=PC2 Pin=U1-25
Added Net: Name=PC2
Added Pin To Net: NetName=PC3 Pin=CN2-4
Added Pin To Net: NetName=PC3 Pin=U1-26
Added Net: Name=PC3
Added Pin To Net: NetName=PC4 Pin=CN2-5
Added Pin To Net: NetName=PC4 Pin=CN4-3
Added Pin To Net: NetName=PC4 Pin=U1-27
Added Net: Name=PC4
Added Pin To Net: NetName=PC5 Pin=CN2-6
Added Pin To Net: NetName=PC5 Pin=CN4-2
Added Pin To Net: NetName=PC5 Pin=U1-28
Added Net: Name=PC5
Added Pin To Net: NetName=PD0 Pin=CN1-1
Added Pin To Net: NetName=PD0 Pin=CN3-3
Added Pin To Net: NetName=PD0 Pin=LED1-1
Added Pin To Net: NetName=PD0 Pin=R4-1
Added Pin To Net: NetName=PD0 Pin=U1-30
Added Net: Name=PD0
Added Pin To Net: NetName=PD1 Pin=CN1-2
Added Pin To Net: NetName=PD1 Pin=CN3-2
Added Pin To Net: NetName=PD1 Pin=LED2-1
Added Pin To Net: NetName=PD1 Pin=R6-1
Added Pin To Net: NetName=PD1 Pin=U1-31
Added Net: Name=PD1
Added Pin To Net: NetName=PD2 Pin=CN1-3
Added Pin To Net: NetName=PD2 Pin=U1-32
Added Net: Name=PD2
Added Pin To Net: NetName=PD3 Pin=CN1-4
Added Pin To Net: NetName=PD3 Pin=U1-1
Added Net: Name=PD3
Added Pin To Net: NetName=PD4 Pin=CN1-5
Added Pin To Net: NetName=PD4 Pin=U1-2
Added Net: Name=PD4
Added Pin To Net: NetName=PD5 Pin=CN1-6
Added Pin To Net: NetName=PD5 Pin=U1-9
Added Net: Name=PD5
Added Pin To Net: NetName=PD6 Pin=CN1-7
Added Pin To Net: NetName=PD6 Pin=U1-10
Added Net: Name=PD6
Added Pin To Net: NetName=PD7 Pin=CN1-8
Added Pin To Net: NetName=PD7 Pin=U1-11
Added Net: Name=PD7
Added Pin To Net: NetName=PE2 Pin=CN7-4
Added Pin To Net: NetName=PE2 Pin=U1-19
Added Net: Name=PE2
Added Pin To Net: NetName=PE3 Pin=CN7-5
Added Pin To Net: NetName=PE3 Pin=U1-22
Added Net: Name=PE3
Added Pin To Net: NetName=RESET Pin=C1-2
Added Pin To Net: NetName=RESET Pin=CN6-3
Added Pin To Net: NetName=RESET Pin=CN7-6
Added Pin To Net: NetName=RESET Pin=R1-1
Added Pin To Net: NetName=RESET Pin=SW1-2
Added Pin To Net: NetName=RESET Pin=U1-29
Added Net: Name=RESET
Added Pin To Net: NetName=SCK Pin=CN6-6
Added Pin To Net: NetName=SCK Pin=U1-17
Added Net: Name=SCK
Added Class: Name=ArduinożŞ·˘°ĺ MINIżî
