
optiboot_lgt8f328p.elf:     file format elf32-avr

Sections:
Idx Name          Size      VMA       LMA       File off  Algn
  0 .text         000003c0  00007400  00007400  00000054  2**1
                  CONTENTS, ALLOC, LOAD, READONLY, CODE
  1 .bootv        00000004  00000000  00000000  00000414  2**0
                  CONTENTS, READONLY
  2 .version      00000002  000077fe  000077fe  00000418  2**0
                  CONTENTS, READONLY
  3 .debug_aranges 00000028  00000000  00000000  0000041a  2**0
                  CONTENTS, READONLY, DEBUGGING
  4 .debug_pubnames 0000006d  00000000  00000000  00000442  2**0
                  CONTENTS, READONLY, DEBUGGING
  5 .debug_info   000002ed  00000000  00000000  000004af  2**0
                  CONTENTS, READONLY, DEBUGGING
  6 .debug_abbrev 00000169  00000000  00000000  0000079c  2**0
                  CONTENTS, READONLY, DEBUGGING
  7 .debug_line   00000550  00000000  00000000  00000905  2**0
                  CONTENTS, READONLY, DEBUGGING
  8 .debug_frame  00000090  00000000  00000000  00000e58  2**2
                  CONTENTS, READONLY, DEBUGGING
  9 .debug_str    00000158  00000000  00000000  00000ee8  2**0
                  CONTENTS, READONLY, DEBUGGING
 10 .debug_loc    00000331  00000000  00000000  00001040  2**0
                  CONTENTS, READONLY, DEBUGGING
 11 .debug_ranges 00000080  00000000  00000000  00001371  2**0
                  CONTENTS, READONLY, DEBUGGING

Disassembly of section .text:

00007400 <main>:
# define UART_SRL UBRR3L
# define UART_UDR UDR3
#endif

/* main program starts here */
int main(void) {
    7400:	11 24       	eor	r1, r1
  //  r1 contains zero
  //
  // If not, uncomment the following instructions:
  // cli();
  asm volatile ("clr __zero_reg__");
  SP=RAMEND;  // This is done by hardware reset
    7402:	8f ef       	ldi	r24, 0xFF	; 255
    7404:	98 e0       	ldi	r25, 0x08	; 8
    7406:	9e bf       	out	0x3e, r25	; 62
    7408:	8d bf       	out	0x3d, r24	; 61
  if(pmask == 0)
	OSCCAL = 0xae;
#endif

  // Adaboot no-wait mod
  ch = MCUSR;
    740a:	94 b7       	in	r25, 0x34	; 52
  MCUSR = 0;
    740c:	14 be       	out	0x34, r1	; 52
  if (ch & (_BV(WDRF) | _BV(BORF) | _BV(PORF)))
    740e:	89 2f       	mov	r24, r25
    7410:	8d 70       	andi	r24, 0x0D	; 13
    7412:	11 f0       	breq	.+4      	; 0x7418 <main+0x18>
	appStart(ch);
    7414:	89 2f       	mov	r24, r25
    7416:	ce d1       	rcall	.+924    	; 0x77b4 <appStart>

  // WDT clock by 32KHz IRC
  PMCR = 0x80;
    7418:	90 e8       	ldi	r25, 0x80	; 128
    741a:	90 93 f2 00 	sts	0x00F2, r25
  PMCR = 0x93;
    741e:	83 e9       	ldi	r24, 0x93	; 147
    7420:	80 93 f2 00 	sts	0x00F2, r24

  // system clock: 16MHz system clock
  CLKPR = 0x80;
    7424:	90 93 61 00 	sts	0x0061, r25
  CLKPR = 0x01;
    7428:	81 e0       	ldi	r24, 0x01	; 1
    742a:	80 93 61 00 	sts	0x0061, r24

  // enable 1KB E2PROM (for LGT8F328P)
  ECCR = 0x80;
    742e:	96 bf       	out	0x36, r25	; 54
  ECCR = 0x4C;
    7430:	8c e4       	ldi	r24, 0x4C	; 76
    7432:	86 bf       	out	0x36, r24	; 54

#if LED_START_FLASHES > 0
  // Set up Timer 1 for timeout counter
  TCCR1B = _BV(CS12) | _BV(CS10); // div 1024
    7434:	85 e0       	ldi	r24, 0x05	; 5
    7436:	80 93 81 00 	sts	0x0081, r24
  UCSRB = _BV(RXEN) | _BV(TXEN);  // enable Rx & Tx
  UCSRC = _BV(URSEL) | _BV(UCSZ1) | _BV(UCSZ0);  // config USART; 8N1
  UBRRL = (uint8_t)( (F_CPU + BAUD_RATE * 4L) / (BAUD_RATE * 8L) - 1 );
#else
  //UART_SRA = _BV(U2X0); //Double speed mode USART0
  UART_SRB = _BV(RXEN0) | _BV(TXEN0);
    743a:	88 e1       	ldi	r24, 0x18	; 24
    743c:	80 93 c1 00 	sts	0x00C1, r24
  UART_SRC = _BV(UCSZ00) | _BV(UCSZ01);
    7440:	86 e0       	ldi	r24, 0x06	; 6
    7442:	80 93 c2 00 	sts	0x00C2, r24
  //UART_SRL = (uint8_t)( F_CPU / (BAUD_RATE * 8L) - 1 );
  UART_SRL = (uint8_t)( F_CPU / (BAUD_RATE * 16L) - 1 );
    7446:	80 e1       	ldi	r24, 0x10	; 16
    7448:	80 93 c4 00 	sts	0x00C4, r24
#endif
#endif

  // Set up watchdog to trigger after 500ms
  watchdogConfig(WATCHDOG_32MS);
    744c:	8d e0       	ldi	r24, 0x0D	; 13
    744e:	9c d1       	rcall	.+824    	; 0x7788 <watchdogConfig>

#if (LED_START_FLASHES > 0) || defined(LED_DATA_FLASH)
  /* Set LED pin as output */
  LED_DDR |= _BV(LED);
    7450:	25 9a       	sbi	0x04, 5	; 4
    7452:	66 24       	eor	r6, r6
    7454:	77 24       	eor	r7, r7
    7456:	43 01       	movw	r8, r6
    7458:	cc 24       	eor	r12, r12
    745a:	dd 24       	eor	r13, r13
	  buff[26] = buff[2];
	  buff[27] = buff[3];
	
	  // Add jump to bootloader at RESET vector
	  buff[0] = 0x0c;
	  buff[1] = 0x94; // jmp 
    745c:	64 e9       	ldi	r22, 0x94	; 148
    745e:	a6 2e       	mov	r10, r22
      EEARL = 0; 
      EEARH = address >> 8;
      ch = EEARH >> 2;	// 1KB page size

      if((0 == (pmask & (((uint32_t)1 << ch)))) && bval == 'F') { 
	pmask |= ((uint32_t)1 << ch);
    7460:	51 e0       	ldi	r21, 0x01	; 1
    7462:	25 2e       	mov	r2, r21
    7464:	31 2c       	mov	r3, r1
    7466:	41 2c       	mov	r4, r1
    7468:	51 2c       	mov	r5, r1
  pmask = 0;

  /* Forever loop */
  for (;;) {
    /* get character from UART */
    ch = getch();
    746a:	7d d1       	rcall	.+762    	; 0x7766 <getch>

    if(ch == STK_GET_PARAMETER) {
    746c:	81 34       	cpi	r24, 0x41	; 65
    746e:	61 f4       	brne	.+24     	; 0x7488 <main+0x88>
      unsigned char which = getch();
    7470:	7a d1       	rcall	.+756    	; 0x7766 <getch>
    7472:	18 2f       	mov	r17, r24
      verifySpace();
    7474:	8f d1       	rcall	.+798    	; 0x7794 <verifySpace>
      if (which == 0x82) {
    7476:	12 38       	cpi	r17, 0x82	; 130
    7478:	29 f1       	breq	.+74     	; 0x74c4 <main+0xc4>
	/*
	 * Send optiboot version as "minor SW version"
	 */
	putch(OPTIBOOT_MINVER);
      } else if (which == 0x81) {
    747a:	11 38       	cpi	r17, 0x81	; 129
    747c:	11 f4       	brne	.+4      	; 0x7482 <main+0x82>
	  putch(OPTIBOOT_MAJVER);
    747e:	85 e0       	ldi	r24, 0x05	; 5
    7480:	01 c0       	rjmp	.+2      	; 0x7484 <main+0x84>
      } else {
	/*
	 * GET PARAMETER returns a generic 0x03 reply for
         * other parameters - enough to keep Avrdude happy
	 */
	putch(0x03);
    7482:	83 e0       	ldi	r24, 0x03	; 3
    7484:	68 d1       	rcall	.+720    	; 0x7756 <putch>
    7486:	64 c1       	rjmp	.+712    	; 0x7750 <main+0x350>
      }
    }
    else if(ch == STK_SET_DEVICE) {
    7488:	82 34       	cpi	r24, 0x42	; 66
    748a:	11 f4       	brne	.+4      	; 0x7490 <main+0x90>
      // SET DEVICE is ignored
      getNch(20);
    748c:	84 e1       	ldi	r24, 0x14	; 20
    748e:	03 c0       	rjmp	.+6      	; 0x7496 <main+0x96>
    }
    else if(ch == STK_SET_DEVICE_EXT) {
    7490:	85 34       	cpi	r24, 0x45	; 69
    7492:	19 f4       	brne	.+6      	; 0x749a <main+0x9a>
      // SET DEVICE EXT is ignored
      getNch(5);
    7494:	85 e0       	ldi	r24, 0x05	; 5
    7496:	86 d1       	rcall	.+780    	; 0x77a4 <verifySpace+0x10>
    7498:	5b c1       	rjmp	.+694    	; 0x7750 <main+0x350>
    }
    else if(ch == STK_LOAD_ADDRESS) {
    749a:	85 35       	cpi	r24, 0x55	; 85
    749c:	79 f4       	brne	.+30     	; 0x74bc <main+0xbc>
      // LOAD ADDRESS
      uint16_t newAddress;
      newAddress = getch();
    749e:	63 d1       	rcall	.+710    	; 0x7766 <getch>
      newAddress = (newAddress & 0xff) | (getch() << 8);
    74a0:	e8 2e       	mov	r14, r24
    74a2:	ff 24       	eor	r15, r15
    74a4:	60 d1       	rcall	.+704    	; 0x7766 <getch>
    74a6:	08 2f       	mov	r16, r24
    74a8:	10 e0       	ldi	r17, 0x00	; 0
    74aa:	10 2f       	mov	r17, r16
    74ac:	00 27       	eor	r16, r16
    74ae:	0e 29       	or	r16, r14
    74b0:	1f 29       	or	r17, r15
#ifdef RAMPZ
      // Transfer top bit to RAMPZ
      RAMPZ = (newAddress & 0x8000) ? 1 : 0;
#endif
      newAddress += newAddress; // Convert from word address to byte address
    74b2:	00 0f       	add	r16, r16
    74b4:	11 1f       	adc	r17, r17
      address = newAddress;
      verifySpace();
    74b6:	6e d1       	rcall	.+732    	; 0x7794 <verifySpace>
    74b8:	68 01       	movw	r12, r16
    74ba:	4a c1       	rjmp	.+660    	; 0x7750 <main+0x350>
    }
    else if(ch == STK_UNIVERSAL) {
    74bc:	86 35       	cpi	r24, 0x56	; 86
    74be:	21 f4       	brne	.+8      	; 0x74c8 <main+0xc8>
      // UNIVERSAL command is ignored
      getNch(4);
    74c0:	84 e0       	ldi	r24, 0x04	; 4
    74c2:	70 d1       	rcall	.+736    	; 0x77a4 <verifySpace+0x10>
      putch(0x00);
    74c4:	80 e0       	ldi	r24, 0x00	; 0
    74c6:	de cf       	rjmp	.-68     	; 0x7484 <main+0x84>
    }
    /* Write memory, length is big endian and is in bytes */
    else if(ch == STK_PROG_PAGE) {
    74c8:	84 36       	cpi	r24, 0x64	; 100
    74ca:	09 f0       	breq	.+2      	; 0x74ce <main+0xce>
    74cc:	c5 c0       	rjmp	.+394    	; 0x7658 <main+0x258>
      // PROGRAM PAGE - we support flash programming only, not EEPROM
      uint8_t *bufPtr;
      uint8_t bval;
      uint16_t len;
      length = (uint16_t)getch() << 8; /* getlen() */
    74ce:	4b d1       	rcall	.+662    	; 0x7766 <getch>
    74d0:	90 e0       	ldi	r25, 0x00	; 0
    74d2:	f8 2e       	mov	r15, r24
    74d4:	ee 24       	eor	r14, r14
      length += getch();
    74d6:	47 d1       	rcall	.+654    	; 0x7766 <getch>
    74d8:	e8 0e       	add	r14, r24
    74da:	f1 1c       	adc	r15, r1
      bval = getch();
    74dc:	44 d1       	rcall	.+648    	; 0x7766 <getch>
    74de:	b8 2e       	mov	r11, r24
    74e0:	e7 01       	movw	r28, r14
    74e2:	00 e0       	ldi	r16, 0x00	; 0
    74e4:	11 e0       	ldi	r17, 0x01	; 1
      //if (address < NRWWSTART) __boot_page_erase_short((uint16_t)(void*)address);

      // While that is going on, read in page contents
      bufPtr = buff;
      len = length;
      do *bufPtr++ = getch();
    74e6:	3f d1       	rcall	.+638    	; 0x7766 <getch>
    74e8:	f8 01       	movw	r30, r16
    74ea:	81 93       	st	Z+, r24
    74ec:	8f 01       	movw	r16, r30
      while (--len);
    74ee:	21 97       	sbiw	r28, 0x01	; 1
    74f0:	d1 f7       	brne	.-12     	; 0x74e6 <main+0xe6>

      EEARL = 0; 
    74f2:	11 bc       	out	0x21, r1	; 33
      EEARH = address >> 8;
    74f4:	8d 2d       	mov	r24, r13
    74f6:	99 27       	eor	r25, r25
    74f8:	82 bd       	out	0x22, r24	; 34
      ch = EEARH >> 2;	// 1KB page size
    74fa:	82 b5       	in	r24, 0x22	; 34

      if((0 == (pmask & (((uint32_t)1 << ch)))) && bval == 'F') { 
    74fc:	86 95       	lsr	r24
    74fe:	86 95       	lsr	r24
    7500:	28 2f       	mov	r18, r24
    7502:	d4 01       	movw	r26, r8
    7504:	c3 01       	movw	r24, r6
    7506:	02 2e       	mov	r0, r18
    7508:	04 c0       	rjmp	.+8      	; 0x7512 <main+0x112>
    750a:	b6 95       	lsr	r27
    750c:	a7 95       	ror	r26
    750e:	97 95       	ror	r25
    7510:	87 95       	ror	r24
    7512:	0a 94       	dec	r0
    7514:	d2 f7       	brpl	.-12     	; 0x750a <main+0x10a>
    7516:	80 fd       	sbrc	r24, 0
    7518:	15 c0       	rjmp	.+42     	; 0x7544 <main+0x144>
    751a:	f6 e4       	ldi	r31, 0x46	; 70
    751c:	bf 16       	cp	r11, r31
    751e:	91 f4       	brne	.+36     	; 0x7544 <main+0x144>
	pmask |= ((uint32_t)1 << ch);
    7520:	d2 01       	movw	r26, r4
    7522:	c1 01       	movw	r24, r2
    7524:	04 c0       	rjmp	.+8      	; 0x752e <main+0x12e>
    7526:	88 0f       	add	r24, r24
    7528:	99 1f       	adc	r25, r25
    752a:	aa 1f       	adc	r26, r26
    752c:	bb 1f       	adc	r27, r27
    752e:	2a 95       	dec	r18
    7530:	d2 f7       	brpl	.-12     	; 0x7526 <main+0x126>
    7532:	68 2a       	or	r6, r24
    7534:	79 2a       	or	r7, r25
    7536:	8a 2a       	or	r8, r26
    7538:	9b 2a       	or	r9, r27
      	// do page erase here
      	EECR = 0x94;
    753a:	af ba       	out	0x1f, r10	; 31
      	EECR = 0x92;
    753c:	82 e9       	ldi	r24, 0x92	; 146
    753e:	8f bb       	out	0x1f, r24	; 31
      	__asm__ __volatile__ ("nop" ::); 
    7540:	00 00       	nop
	__asm__ __volatile__ ("nop" ::);      
    7542:	00 00       	nop
      }

      // Read command terminator, start reply
      verifySpace();
    7544:	27 d1       	rcall	.+590    	; 0x7794 <verifySpace>

      // If only a partial page is to be programmed, the erase might not be complete.
      // So check that here
      //boot_spm_busy_wait();
      if (bval == 'E') {
    7546:	e5 e4       	ldi	r30, 0x45	; 69
    7548:	be 16       	cp	r11, r30
    754a:	b1 f4       	brne	.+44     	; 0x7578 <main+0x178>
    754c:	96 01       	movw	r18, r12
    754e:	10 c0       	rjmp	.+32     	; 0x7570 <main+0x170>
	  for(len = 0; len < length; len++) {
	    //if(address >= 1022)
	 	//break;
	    EEARL = address++;
    7550:	21 bd       	out	0x21, r18	; 33
    7552:	2f 5f       	subi	r18, 0xFF	; 255
    7554:	3f 4f       	sbci	r19, 0xFF	; 255
	    EEARH = address >> 8;
    7556:	83 2f       	mov	r24, r19
    7558:	99 27       	eor	r25, r25
    755a:	82 bd       	out	0x22, r24	; 34
	    EEDR = buff[len];
    755c:	c0 50       	subi	r28, 0x00	; 0
    755e:	df 4f       	sbci	r29, 0xFF	; 255
    7560:	88 81       	ld	r24, Y
    7562:	80 bd       	out	0x20, r24	; 32
	    EECR = 0x04;
    7564:	f4 e0       	ldi	r31, 0x04	; 4
    7566:	ff bb       	out	0x1f, r31	; 31
	    EECR = 0x02;
    7568:	82 e0       	ldi	r24, 0x02	; 2
    756a:	8f bb       	out	0x1f, r24	; 31

      // If only a partial page is to be programmed, the erase might not be complete.
      // So check that here
      //boot_spm_busy_wait();
      if (bval == 'E') {
	  for(len = 0; len < length; len++) {
    756c:	cf 5f       	subi	r28, 0xFF	; 255
    756e:	d0 40       	sbci	r29, 0x00	; 0
    7570:	ce 15       	cp	r28, r14
    7572:	df 05       	cpc	r29, r15
    7574:	68 f3       	brcs	.-38     	; 0x7550 <main+0x150>
    7576:	db c0       	rjmp	.+438    	; 0x772e <main+0x32e>
	    EECR = 0x04;
	    EECR = 0x02;
	  }
      } else {
#ifdef VIRTUAL_BOOT_PARTITION
	if ((uint16_t)(void*)address == 0) {
    7578:	c1 14       	cp	r12, r1
    757a:	d1 04       	cpc	r13, r1
    757c:	09 f0       	breq	.+2      	; 0x7580 <main+0x180>
    757e:	4e c0       	rjmp	.+156    	; 0x761c <main+0x21c>
	  // This is the reset vector page. We need to live-patch the code so the
	  // bootloader runs.
	  //
	  // Move RESET vector to WDT vector
	  rstVect0 = buff[0] | (buff[1] << 8);
    7580:	60 91 00 01 	lds	r22, 0x0100
    7584:	70 91 01 01 	lds	r23, 0x0101
    7588:	87 2f       	mov	r24, r23
    758a:	90 e0       	ldi	r25, 0x00	; 0
    758c:	98 2f       	mov	r25, r24
    758e:	88 27       	eor	r24, r24
    7590:	26 2f       	mov	r18, r22
    7592:	30 e0       	ldi	r19, 0x00	; 0
    7594:	82 2b       	or	r24, r18
    7596:	93 2b       	or	r25, r19
    7598:	90 93 85 01 	sts	0x0185, r25
    759c:	80 93 84 01 	sts	0x0184, r24
	  rstVect1 = buff[2] | (buff[3] << 8);
    75a0:	40 91 02 01 	lds	r20, 0x0102
    75a4:	50 91 03 01 	lds	r21, 0x0103
    75a8:	85 2f       	mov	r24, r21
    75aa:	90 e0       	ldi	r25, 0x00	; 0
    75ac:	98 2f       	mov	r25, r24
    75ae:	88 27       	eor	r24, r24
    75b0:	24 2f       	mov	r18, r20
    75b2:	30 e0       	ldi	r19, 0x00	; 0
    75b4:	82 2b       	or	r24, r18
    75b6:	93 2b       	or	r25, r19
    75b8:	90 93 87 01 	sts	0x0187, r25
    75bc:	80 93 86 01 	sts	0x0186, r24
	  wdtVect0 = buff[24] | (buff[25] << 8);
    75c0:	20 91 18 01 	lds	r18, 0x0118
    75c4:	80 91 19 01 	lds	r24, 0x0119
    75c8:	90 e0       	ldi	r25, 0x00	; 0
    75ca:	98 2f       	mov	r25, r24
    75cc:	88 27       	eor	r24, r24
    75ce:	30 e0       	ldi	r19, 0x00	; 0
    75d0:	82 2b       	or	r24, r18
    75d2:	93 2b       	or	r25, r19
    75d4:	90 93 89 01 	sts	0x0189, r25
    75d8:	80 93 88 01 	sts	0x0188, r24
	  wdtVect1 = buff[26] | (buff[27] << 8);
    75dc:	20 91 1a 01 	lds	r18, 0x011A
    75e0:	80 91 1b 01 	lds	r24, 0x011B
    75e4:	90 e0       	ldi	r25, 0x00	; 0
    75e6:	98 2f       	mov	r25, r24
    75e8:	88 27       	eor	r24, r24
    75ea:	30 e0       	ldi	r19, 0x00	; 0
    75ec:	82 2b       	or	r24, r18
    75ee:	93 2b       	or	r25, r19
    75f0:	90 93 8b 01 	sts	0x018B, r25
    75f4:	80 93 8a 01 	sts	0x018A, r24

	  buff[24] = buff[0];
    75f8:	60 93 18 01 	sts	0x0118, r22
	  buff[25] = buff[1];
    75fc:	70 93 19 01 	sts	0x0119, r23
	  buff[26] = buff[2];
    7600:	40 93 1a 01 	sts	0x011A, r20
	  buff[27] = buff[3];
    7604:	50 93 1b 01 	sts	0x011B, r21
	
	  // Add jump to bootloader at RESET vector
	  buff[0] = 0x0c;
    7608:	8c e0       	ldi	r24, 0x0C	; 12
    760a:	80 93 00 01 	sts	0x0100, r24
	  buff[1] = 0x94; // jmp 
    760e:	a0 92 01 01 	sts	0x0101, r10
	  buff[2] = 0x00;
    7612:	10 92 02 01 	sts	0x0102, r1
	  buff[3] = 0x3a; // 0x7400 (0x3a00) 
    7616:	ea e3       	ldi	r30, 0x3A	; 58
    7618:	e0 93 03 01 	sts	0x0103, r30
    761c:	e0 e0       	ldi	r30, 0x00	; 0
    761e:	f1 e0       	ldi	r31, 0x01	; 1
	}
#endif
      	// Write from programming buffer
	pdword_t wPtr = (pdword_t)buff;
      	for(length = 0; length < SPM_PAGESIZE; length+=4, wPtr++) {
	      EEARL = 0; EEDR = wPtr->byte[0];
    7620:	11 bc       	out	0x21, r1	; 33
    7622:	80 81       	ld	r24, Z
    7624:	80 bd       	out	0x20, r24	; 32
	      EEARL = 1; EEDR = wPtr->byte[1];
    7626:	81 e0       	ldi	r24, 0x01	; 1
    7628:	81 bd       	out	0x21, r24	; 33
    762a:	81 81       	ldd	r24, Z+1	; 0x01
    762c:	80 bd       	out	0x20, r24	; 32
	      EEARL = 2; EEDR = wPtr->byte[2];
    762e:	82 e0       	ldi	r24, 0x02	; 2
    7630:	81 bd       	out	0x21, r24	; 33
    7632:	82 81       	ldd	r24, Z+2	; 0x02
    7634:	80 bd       	out	0x20, r24	; 32
	      EEARL = 3; EEDR = wPtr->byte[3];
    7636:	83 e0       	ldi	r24, 0x03	; 3
    7638:	81 bd       	out	0x21, r24	; 33
    763a:	83 81       	ldd	r24, Z+3	; 0x03
    763c:	80 bd       	out	0x20, r24	; 32
    763e:	8e 2f       	mov	r24, r30
    7640:	8c 0d       	add	r24, r12
	      EEARL = (address + length) & 0xff;
    7642:	81 bd       	out	0x21, r24	; 33
	      EECR = 0xA4;
    7644:	84 ea       	ldi	r24, 0xA4	; 164
    7646:	8f bb       	out	0x1f, r24	; 31
	      EECR = 0xA2;
    7648:	82 ea       	ldi	r24, 0xA2	; 162
    764a:	8f bb       	out	0x1f, r24	; 31
	  buff[3] = 0x3a; // 0x7400 (0x3a00) 
	}
#endif
      	// Write from programming buffer
	pdword_t wPtr = (pdword_t)buff;
      	for(length = 0; length < SPM_PAGESIZE; length+=4, wPtr++) {
    764c:	34 96       	adiw	r30, 0x04	; 4
    764e:	81 e0       	ldi	r24, 0x01	; 1
    7650:	e0 38       	cpi	r30, 0x80	; 128
    7652:	f8 07       	cpc	r31, r24
    7654:	29 f7       	brne	.-54     	; 0x7620 <main+0x220>
    7656:	7c c0       	rjmp	.+248    	; 0x7750 <main+0x350>
	      EECR = 0xA2;
	}
      }
    }
    /* Read memory block mode, length is big endian.  */
    else if(ch == STK_READ_PAGE) {
    7658:	84 37       	cpi	r24, 0x74	; 116
    765a:	09 f0       	breq	.+2      	; 0x765e <main+0x25e>
    765c:	6b c0       	rjmp	.+214    	; 0x7734 <main+0x334>
      // READ PAGE - we only read flash
      uint8_t bval;

      length = getch() << 8;			/* getlen() */
    765e:	83 d0       	rcall	.+262    	; 0x7766 <getch>
    7660:	90 e0       	ldi	r25, 0x00	; 0
    7662:	f8 2e       	mov	r15, r24
    7664:	ee 24       	eor	r14, r14
      length += getch();
    7666:	7f d0       	rcall	.+254    	; 0x7766 <getch>
    7668:	e8 0e       	add	r14, r24
    766a:	f1 1c       	adc	r15, r1
      bval = getch();
    766c:	7c d0       	rcall	.+248    	; 0x7766 <getch>
    766e:	18 2f       	mov	r17, r24

      verifySpace();
    7670:	91 d0       	rcall	.+290    	; 0x7794 <verifySpace>

      if( bval == 'E') {
    7672:	15 34       	cpi	r17, 0x45	; 69
    7674:	89 f4       	brne	.+34     	; 0x7698 <main+0x298>
    7676:	e6 01       	movw	r28, r12
    7678:	87 01       	movw	r16, r14
	do {
	    EEARL = address++;
    767a:	c1 bd       	out	0x21, r28	; 33
    767c:	21 96       	adiw	r28, 0x01	; 1
	    EEARH = address >> 8;
    767e:	8d 2f       	mov	r24, r29
    7680:	99 27       	eor	r25, r25
    7682:	82 bd       	out	0x22, r24	; 34
	    EECR = 0x01;
    7684:	e1 e0       	ldi	r30, 0x01	; 1
    7686:	ef bb       	out	0x1f, r30	; 31
	    __asm__ __volatile__ ("nop" ::);
    7688:	00 00       	nop
	    __asm__ __volatile__ ("nop" ::);
    768a:	00 00       	nop
	    putch(EEDR);
    768c:	80 b5       	in	r24, 0x20	; 32
    768e:	63 d0       	rcall	.+198    	; 0x7756 <putch>
	} while (--length);
    7690:	01 50       	subi	r16, 0x01	; 1
    7692:	10 40       	sbci	r17, 0x00	; 0
    7694:	91 f7       	brne	.-28     	; 0x767a <main+0x27a>
    7696:	4b c0       	rjmp	.+150    	; 0x772e <main+0x32e>
    7698:	e6 01       	movw	r28, r12
    769a:	87 01       	movw	r16, r14
      } else {
      	do {
#ifdef VIRTUAL_BOOT_PARTITION
	   // Undo vector patch in bottom page so verify passes
	   if (address == 0)		ch = rstVect0 & 0xff;
    769c:	20 97       	sbiw	r28, 0x00	; 0
    769e:	29 f4       	brne	.+10     	; 0x76aa <main+0x2aa>
    76a0:	80 91 84 01 	lds	r24, 0x0184
    76a4:	90 91 85 01 	lds	r25, 0x0185
    76a8:	3c c0       	rjmp	.+120    	; 0x7722 <main+0x322>
	   else if (address == 1)	ch = rstVect0 >> 8;
    76aa:	c1 30       	cpi	r28, 0x01	; 1
    76ac:	d1 05       	cpc	r29, r1
    76ae:	29 f4       	brne	.+10     	; 0x76ba <main+0x2ba>
    76b0:	80 91 84 01 	lds	r24, 0x0184
    76b4:	90 91 85 01 	lds	r25, 0x0185
    76b8:	0f c0       	rjmp	.+30     	; 0x76d8 <main+0x2d8>
	   else if (address == 2)	ch = rstVect1 & 0xff;
    76ba:	c2 30       	cpi	r28, 0x02	; 2
    76bc:	d1 05       	cpc	r29, r1
    76be:	29 f4       	brne	.+10     	; 0x76ca <main+0x2ca>
    76c0:	80 91 86 01 	lds	r24, 0x0186
    76c4:	90 91 87 01 	lds	r25, 0x0187
    76c8:	2c c0       	rjmp	.+88     	; 0x7722 <main+0x322>
	   else if (address == 3)	ch = rstVect1 >> 8;
    76ca:	c3 30       	cpi	r28, 0x03	; 3
    76cc:	d1 05       	cpc	r29, r1
    76ce:	39 f4       	brne	.+14     	; 0x76de <main+0x2de>
    76d0:	80 91 86 01 	lds	r24, 0x0186
    76d4:	90 91 87 01 	lds	r25, 0x0187
    76d8:	89 2f       	mov	r24, r25
    76da:	99 27       	eor	r25, r25
    76dc:	22 c0       	rjmp	.+68     	; 0x7722 <main+0x322>
	   else if (address == 24)	ch = wdtVect0 & 0xff;
    76de:	c8 31       	cpi	r28, 0x18	; 24
    76e0:	d1 05       	cpc	r29, r1
    76e2:	29 f4       	brne	.+10     	; 0x76ee <main+0x2ee>
    76e4:	80 91 88 01 	lds	r24, 0x0188
    76e8:	90 91 89 01 	lds	r25, 0x0189
    76ec:	1a c0       	rjmp	.+52     	; 0x7722 <main+0x322>
	   else if (address == 25)	ch = wdtVect0 >> 8;
    76ee:	c9 31       	cpi	r28, 0x19	; 25
    76f0:	d1 05       	cpc	r29, r1
    76f2:	29 f4       	brne	.+10     	; 0x76fe <main+0x2fe>
    76f4:	80 91 88 01 	lds	r24, 0x0188
    76f8:	90 91 89 01 	lds	r25, 0x0189
    76fc:	ed cf       	rjmp	.-38     	; 0x76d8 <main+0x2d8>
	   else if (address == 26)	ch = wdtVect1 & 0xff;
    76fe:	ca 31       	cpi	r28, 0x1A	; 26
    7700:	d1 05       	cpc	r29, r1
    7702:	29 f4       	brne	.+10     	; 0x770e <main+0x30e>
    7704:	80 91 8a 01 	lds	r24, 0x018A
    7708:	90 91 8b 01 	lds	r25, 0x018B
    770c:	0a c0       	rjmp	.+20     	; 0x7722 <main+0x322>
	   else if (address == 27)	ch = wdtVect1 >> 8;
    770e:	cb 31       	cpi	r28, 0x1B	; 27
    7710:	d1 05       	cpc	r29, r1
    7712:	29 f4       	brne	.+10     	; 0x771e <main+0x31e>
    7714:	80 91 8a 01 	lds	r24, 0x018A
    7718:	90 91 8b 01 	lds	r25, 0x018B
    771c:	dd cf       	rjmp	.-70     	; 0x76d8 <main+0x2d8>
	   // Since RAMPZ should already be set, we need to use EPLM directly.
	   // read a Flash and increment the address (may increment RAMPZ)
	   __asm__ ("elpm %0,Z\n" : "=r" (ch) : "z" (address));
	#else
	   // read a Flash byte and increment the address
	   __asm__ ("lpm %0,Z\n" : "=r" (ch) : "z" (address));
    771e:	fe 01       	movw	r30, r28
    7720:	84 91       	lpm	r24, Z+
	   //ch = *((uint8_t *)(0x4000 + address));
	#endif
	 }
#endif
	  
	   address++;
    7722:	21 96       	adiw	r28, 0x01	; 1
           putch(ch);
    7724:	18 d0       	rcall	.+48     	; 0x7756 <putch>
         } while (--length);
    7726:	01 50       	subi	r16, 0x01	; 1
    7728:	10 40       	sbci	r17, 0x00	; 0
    772a:	09 f0       	breq	.+2      	; 0x772e <main+0x32e>
    772c:	b7 cf       	rjmp	.-146    	; 0x769c <main+0x29c>
    772e:	ce 0c       	add	r12, r14
    7730:	df 1c       	adc	r13, r15
    7732:	0e c0       	rjmp	.+28     	; 0x7750 <main+0x350>
      }
    }

    /* Get device signature bytes  */
    else if(ch == STK_READ_SIGN) {
    7734:	85 37       	cpi	r24, 0x75	; 117
    7736:	39 f4       	brne	.+14     	; 0x7746 <main+0x346>
      // READ SIGN - return what Avrdude wants to hear
      verifySpace();
    7738:	2d d0       	rcall	.+90     	; 0x7794 <verifySpace>
      putch(SIGNATURE_0);
    773a:	8e e1       	ldi	r24, 0x1E	; 30
    773c:	0c d0       	rcall	.+24     	; 0x7756 <putch>
      putch(SIGNATURE_1);
    773e:	85 e9       	ldi	r24, 0x95	; 149
    7740:	0a d0       	rcall	.+20     	; 0x7756 <putch>
      putch(SIGNATURE_2);
    7742:	8f e0       	ldi	r24, 0x0F	; 15
    7744:	9f ce       	rjmp	.-706    	; 0x7484 <main+0x84>
    }
    else if (ch == STK_LEAVE_PROGMODE) { /* 'Q' */
    7746:	81 35       	cpi	r24, 0x51	; 81
    7748:	11 f4       	brne	.+4      	; 0x774e <main+0x34e>
      // Adaboot no-wait mod
      watchdogConfig(WATCHDOG_16MS);
    774a:	8c e0       	ldi	r24, 0x0C	; 12
    774c:	1d d0       	rcall	.+58     	; 0x7788 <watchdogConfig>
      verifySpace();
    }
    else {
      // This covers the response to commands like STK_ENTER_PROGMODE
      verifySpace();
    774e:	22 d0       	rcall	.+68     	; 0x7794 <verifySpace>
    }
    putch(STK_OK);
    7750:	80 e1       	ldi	r24, 0x10	; 16
    7752:	01 d0       	rcall	.+2      	; 0x7756 <putch>
    7754:	8a ce       	rjmp	.-748    	; 0x746a <main+0x6a>

00007756 <putch>:
  }
}

void putch(char ch) {
    7756:	98 2f       	mov	r25, r24
#ifndef SOFT_UART
  while (!(UART_SRA & _BV(UDRE0)));
    7758:	80 91 c0 00 	lds	r24, 0x00C0
    775c:	85 ff       	sbrs	r24, 5
    775e:	fc cf       	rjmp	.-8      	; 0x7758 <putch+0x2>
  UART_UDR = ch;
    7760:	90 93 c6 00 	sts	0x00C6, r25
      [uartBit] "I" (UART_TX_BIT)
    :
      "r25"
  );
#endif
}
    7764:	08 95       	ret

00007766 <getch>:
      [uartBit] "I" (UART_RX_BIT)
    :
      "r25"
);
#else
  while(!(UART_SRA & _BV(RXC0)))
    7766:	80 91 c0 00 	lds	r24, 0x00C0
    776a:	87 ff       	sbrs	r24, 7
    776c:	fc cf       	rjmp	.-8      	; 0x7766 <getch>
    ;
  if (!(UART_SRA & _BV(FE0))) {
    776e:	80 91 c0 00 	lds	r24, 0x00C0
    7772:	84 fd       	sbrc	r24, 4
    7774:	01 c0       	rjmp	.+2      	; 0x7778 <getch+0x12>
}
#endif

// Watchdog functions. These are only safe with interrupts turned off.
void watchdogReset() {
  __asm__ __volatile__ (
    7776:	a8 95       	wdr
       * don't care that an invalid char is returned...)
       */
    watchdogReset();
  }
  
  ch = UART_UDR;
    7778:	80 91 c6 00 	lds	r24, 0x00C6
#ifdef LED_DATA_FLASH
  LED_PORT ^= _BV(LED);
#endif

  return ch;
}
    777c:	08 95       	ret

0000777e <uartDelay>:
#if UART_B_VALUE > 255
#error Baud rate too slow for soft UART
#endif

void uartDelay() {
  __asm__ __volatile__ (
    777e:	9a e2       	ldi	r25, 0x2A	; 42
    7780:	9a 95       	dec	r25
    7782:	f1 f7       	brne	.-4      	; 0x7780 <uartDelay+0x2>
    7784:	08 95       	ret
    "1:dec r25\n"
    "brne 1b\n"
    "ret\n"
    ::[count] "M" (UART_B_VALUE)
  );
}
    7786:	08 95       	ret

00007788 <watchdogConfig>:
  );
}

void watchdogConfig(uint8_t x) {
#if 1
  WDTCSR = _BV(WDCE) | _BV(WDE);
    7788:	e0 e6       	ldi	r30, 0x60	; 96
    778a:	f0 e0       	ldi	r31, 0x00	; 0
    778c:	98 e1       	ldi	r25, 0x18	; 24
    778e:	90 83       	st	Z, r25
  WDTCSR = x;
    7790:	80 83       	st	Z, r24
#endif
}
    7792:	08 95       	ret

00007794 <verifySpace>:
  do getch(); while (--count);
  verifySpace();
}

void verifySpace() {
  if (getch() != CRC_EOP) {
    7794:	e8 df       	rcall	.-48     	; 0x7766 <getch>
    7796:	80 32       	cpi	r24, 0x20	; 32
    7798:	19 f0       	breq	.+6      	; 0x77a0 <verifySpace+0xc>
    watchdogConfig(WATCHDOG_32MS);    // shorten WD timeout
    779a:	8d e0       	ldi	r24, 0x0D	; 13
    779c:	f5 df       	rcall	.-22     	; 0x7788 <watchdogConfig>
    779e:	ff cf       	rjmp	.-2      	; 0x779e <verifySpace+0xa>
    while (1)			      // and busy-loop so that WD causes
      ;				      //  a reset and app start.
  }
  putch(STK_INSYNC);
    77a0:	84 e1       	ldi	r24, 0x14	; 20
}
    77a2:	d9 cf       	rjmp	.-78     	; 0x7756 <putch>
    "ret\n"
    ::[count] "M" (UART_B_VALUE)
  );
}

void getNch(uint8_t count) {
    77a4:	1f 93       	push	r17

000077a6 <getNch>:
    77a6:	18 2f       	mov	r17, r24
  do getch(); while (--count);
    77a8:	de df       	rcall	.-68     	; 0x7766 <getch>
    77aa:	11 50       	subi	r17, 0x01	; 1
    77ac:	e9 f7       	brne	.-6      	; 0x77a8 <getNch+0x2>
  verifySpace();
    77ae:	f2 df       	rcall	.-28     	; 0x7794 <verifySpace>
}
    77b0:	1f 91       	pop	r17
    77b2:	08 95       	ret

000077b4 <appStart>:

void appStart(uint8_t rstFlags) {
  // save the reset flags in the designated register
  //  This can be saved in a main program by putting code in .init0 (which
  //  executes before normal c init code) to save R2 to a global variable.
  __asm__ __volatile__ ("mov r2, %0\n" :: "r" (rstFlags));
    77b4:	28 2e       	mov	r2, r24

  watchdogConfig(WATCHDOG_OFF);
    77b6:	80 e0       	ldi	r24, 0x00	; 0
    77b8:	e7 df       	rcall	.-50     	; 0x7788 <watchdogConfig>
  __asm__ __volatile__ (
    77ba:	ec e0       	ldi	r30, 0x0C	; 12
    77bc:	ff 27       	eor	r31, r31
    77be:	09 94       	ijmp
